	Fichier
0- new
1- open...
2- close
3- preferences ->
4- quit
Your choice? ************** Execution of NEW item

	Fichier
0- new
1- open...
2- close
3- preferences ->
4- quit
Your choice? ************** Execution of OPEN item

	Fichier
0- new
1- open...
2- close
3- preferences ->
4- quit
Your choice? 
	preferences
0- general
1- battery
Your choice? ************** Execution of BATTERY item

	Fichier
0- new
1- open...
2- close
3- preferences ->
4- quit
Your choice? ************** Execution of QUIT item
