
********* List operations *********

l1 : 
l1 : 0 1 2 3 4 5 6 7 8 9 
l2 : 9 8 7 6 5 4 3 2 1 0 
l1 : 99 0 1 2 3 4 5 6 7 8 9 
l2 : 9 8 7 6 5 4 3 2 1 0 99 
l1.get_first() : 99
l1 : 0 1 2 3 4 5 6 7 8 9 
l2.get_first() : 9
l2 : 8 7 6 5 4 3 2 1 0 99 
l1.get_first() : 0
l1.get_first() : 1
l1.get_first() : 2
l1.get_first() : 3
l1.get_first() : 4
l1.get_first() : 5
l1.get_first() : 6
l1.get_first() : 7
l1.get_first() : 8
l1.get_first() : 9
l1 : 
l2 : 8 7 6 5 4 3 2 1 0 99 
l2.mirror();
l2 : 99 0 1 2 3 4 5 6 7 8 
l3 : 3 10 15 20 25 
l3.get_middle_value() : 15
l3.max() : 25
l3.max() = 7;
l3 : 3 10 15 20 7 
